<?xml version='1.0' encoding='UTF-8'?>
<testsuite hostname="estebans-mbp" name="fireworks.FireworksSuite" tests="12" errors="0" failures="11" skipped="0" time="0.122" timestamp="2022-09-24T08:02:02">
          <properties>
[...]
</properties>
          <testcase classname="fireworks.FireworksSuite" name="'Firework.next' returns 'Done' when given 'Done' `" time="0.023">
                      <failure message="scala.NotImplementedError: an implementation is missing" type="sbt.ForkMain$ForkError">sbt.ForkMain$ForkError: scala.NotImplementedError: an implementation is missing
	at scala.Predef$.$qmark$qmark$qmark(Predef.scala:344)
	at fireworks.Firework$.next(Fireworks.scala:37)
	at fireworks.FireworksSuite.$init$$$anonfun$1(FireworksSuite.scala:11)
	at scala.runtime.java8.JFunction0$mcV$sp.apply(JFunction0$mcV$sp.scala:18)
</failure>
                    </testcase><testcase classname="fireworks.FireworksSuite" name="'Firework.next' returns 'Waiting' or 'Launched' when given 'Waiting'" time="0.062">
                      <failure message="java.lang.AssertionError: An exception was thrown during property evaluation: scala.NotImplementedError: an implementation is missing" type="sbt.ForkMain$ForkError">sbt.ForkMain$ForkError: java.lang.AssertionError: An exception was thrown during property evaluation: scala.NotImplementedError: an implementation is missing
	at fireworks.FireworksSuite.failure$1(FireworksSuite.scala:170)
	at fireworks.FireworksSuite.checkProperty(FireworksSuite.scala:177)
	at fireworks.FireworksSuite.property$$anonfun$1(FireworksSuite.scala:164)
	at scala.runtime.java8.JFunction0$mcV$sp.apply(JFunction0$mcV$sp.scala:18)
</failure>
                    </testcase><testcase classname="fireworks.FireworksSuite" name="'Firework.next' returns 'Launched' or 'Exploding' when given 'Launched'" time="0.005">
                      <failure message="java.lang.AssertionError: An exception was thrown during property evaluation: scala.NotImplementedError: an implementation is missing" type="sbt.ForkMain$ForkError">sbt.ForkMain$ForkError: java.lang.AssertionError: An exception was thrown during property evaluation: scala.NotImplementedError: an implementation is missing
	at fireworks.FireworksSuite.failure$1(FireworksSuite.scala:170)
	at fireworks.FireworksSuite.checkProperty(FireworksSuite.scala:177)
	at fireworks.FireworksSuite.property$$anonfun$1(FireworksSuite.scala:164)
	at scala.runtime.java8.JFunction0$mcV$sp.apply(JFunction0$mcV$sp.scala:18)
</failure>
                    </testcase><testcase classname="fireworks.FireworksSuite" name="'Firework.next' returns 'Exploding' or 'Done' when given 'Exploding'" time="0.007">
                      <failure message="java.lang.AssertionError: An exception was thrown during property evaluation: scala.NotImplementedError: an implementation is missing" type="sbt.ForkMain$ForkError">sbt.ForkMain$ForkError: java.lang.AssertionError: An exception was thrown during property evaluation: scala.NotImplementedError: an implementation is missing
	at fireworks.FireworksSuite.failure$1(FireworksSuite.scala:170)
	at fireworks.FireworksSuite.checkProperty(FireworksSuite.scala:177)
	at fireworks.FireworksSuite.property$$anonfun$1(FireworksSuite.scala:164)
	at scala.runtime.java8.JFunction0$mcV$sp.apply(JFunction0$mcV$sp.scala:18)
</failure>
                    </testcase><testcase classname="fireworks.FireworksSuite" name="Operation 'next' on class 'Waiting' should return the same 'Waiting' value with a decremented 'countDown' until it is zero or negative" time="0.02">
                      
                    </testcase><testcase classname="fireworks.FireworksSuite" name="Operation 'next' on class 'Waiting' should return a 'Launched' value if the 'countDown' is zero or negative" time="0.001">
                      <failure message="java.lang.AssertionError: An exception was thrown during property evaluation: scala.NotImplementedError: an implementation is missing" type="sbt.ForkMain$ForkError">sbt.ForkMain$ForkError: java.lang.AssertionError: An exception was thrown during property evaluation: scala.NotImplementedError: an implementation is missing
	at fireworks.FireworksSuite.failure$1(FireworksSuite.scala:170)
	at fireworks.FireworksSuite.checkProperty(FireworksSuite.scala:177)
	at fireworks.FireworksSuite.property$$anonfun$1(FireworksSuite.scala:164)
	at scala.runtime.java8.JFunction0$mcV$sp.apply(JFunction0$mcV$sp.scala:18)
</failure>
                    </testcase><testcase classname="fireworks.FireworksSuite" name="Operation 'next' on class 'Launched' should return a 'Launched' value with a decremented 'countDown' until it is zero or negative" time="0.001">
                      <failure message="java.lang.AssertionError: An exception was thrown during property evaluation: scala.NotImplementedError: an implementation is missing" type="sbt.ForkMain$ForkError">sbt.ForkMain$ForkError: java.lang.AssertionError: An exception was thrown during property evaluation: scala.NotImplementedError: an implementation is missing
	at fireworks.FireworksSuite.failure$1(FireworksSuite.scala:170)
	at fireworks.FireworksSuite.checkProperty(FireworksSuite.scala:177)
	at fireworks.FireworksSuite.property$$anonfun$1(FireworksSuite.scala:164)
	at scala.runtime.java8.JFunction0$mcV$sp.apply(JFunction0$mcV$sp.scala:18)
</failure>
                    </testcase><testcase classname="fireworks.FireworksSuite" name="Operation 'next' on class 'Launched' should return a 'Launched' value with an updated 'position' until the 'countDown' is zero or negative" time="0.0">
                      <failure message="java.lang.AssertionError: An exception was thrown during property evaluation: scala.NotImplementedError: an implementation is missing" type="sbt.ForkMain$ForkError">sbt.ForkMain$ForkError: java.lang.AssertionError: An exception was thrown during property evaluation: scala.NotImplementedError: an implementation is missing
	at fireworks.FireworksSuite.failure$1(FireworksSuite.scala:170)
	at fireworks.FireworksSuite.checkProperty(FireworksSuite.scala:177)
	at fireworks.FireworksSuite.property$$anonfun$1(FireworksSuite.scala:164)
	at scala.runtime.java8.JFunction0$mcV$sp.apply(JFunction0$mcV$sp.scala:18)
</failure>
                    </testcase><testcase classname="fireworks.FireworksSuite" name="Operation 'next' on class 'Launched' should return an 'Exploding' value if the 'countDown' is zero or negative" time="0.0">
                      <failure message="java.lang.AssertionError: An exception was thrown during property evaluation: scala.NotImplementedError: an implementation is missing" type="sbt.ForkMain$ForkError">sbt.ForkMain$ForkError: java.lang.AssertionError: An exception was thrown during property evaluation: scala.NotImplementedError: an implementation is missing
	at fireworks.FireworksSuite.failure$1(FireworksSuite.scala:170)
	at fireworks.FireworksSuite.checkProperty(FireworksSuite.scala:177)
	at fireworks.FireworksSuite.property$$anonfun$1(FireworksSuite.scala:164)
	at scala.runtime.java8.JFunction0$mcV$sp.apply(JFunction0$mcV$sp.scala:18)
</failure>
                    </testcase><testcase classname="fireworks.FireworksSuite" name="Operation 'next' on class 'Exploding' should return an 'Exploding' value with a decremented 'countDown' until it is zero or negative" time="0.001">
                      <failure message="java.lang.AssertionError: An exception was thrown during property evaluation: scala.NotImplementedError: an implementation is missing" type="sbt.ForkMain$ForkError">sbt.ForkMain$ForkError: java.lang.AssertionError: An exception was thrown during property evaluation: scala.NotImplementedError: an implementation is missing
	at fireworks.FireworksSuite.failure$1(FireworksSuite.scala:170)
	at fireworks.FireworksSuite.checkProperty(FireworksSuite.scala:177)
	at fireworks.FireworksSuite.property$$anonfun$1(FireworksSuite.scala:164)
	at scala.runtime.java8.JFunction0$mcV$sp.apply(JFunction0$mcV$sp.scala:18)
</failure>
                    </testcase><testcase classname="fireworks.FireworksSuite" name="Operation 'next' on class 'Exploding' should return a 'Done' value if the 'countDown' is zero or negative" time="0.001">
                      <failure message="java.lang.AssertionError: An exception was thrown during property evaluation: scala.NotImplementedError: an implementation is missing" type="sbt.ForkMain$ForkError">sbt.ForkMain$ForkError: java.lang.AssertionError: An exception was thrown during property evaluation: scala.NotImplementedError: an implementation is missing
	at fireworks.FireworksSuite.failure$1(FireworksSuite.scala:170)
	at fireworks.FireworksSuite.checkProperty(FireworksSuite.scala:177)
	at fireworks.FireworksSuite.property$$anonfun$1(FireworksSuite.scala:164)
	at scala.runtime.java8.JFunction0$mcV$sp.apply(JFunction0$mcV$sp.scala:18)
</failure>
                    </testcase><testcase classname="fireworks.FireworksSuite" name="Operation 'next' on class 'Particle' should return a 'Particle' value that has moved" time="0.001">
                      <failure message="java.lang.AssertionError: An exception was thrown during property evaluation: scala.NotImplementedError: an implementation is missing" type="sbt.ForkMain$ForkError">sbt.ForkMain$ForkError: java.lang.AssertionError: An exception was thrown during property evaluation: scala.NotImplementedError: an implementation is missing
	at fireworks.FireworksSuite.failure$1(FireworksSuite.scala:170)
	at fireworks.FireworksSuite.checkProperty(FireworksSuite.scala:177)
	at fireworks.FireworksSuite.property$$anonfun$1(FireworksSuite.scala:164)
	at scala.runtime.java8.JFunction0$mcV$sp.apply(JFunction0$mcV$sp.scala:18)
</failure>
                    </testcase>
          <system-out><![CDATA[]]></system-out>
          <system-err><![CDATA[]]></system-err>
        </testsuite>